{"C:\\Users\\jonas\\OneDrive\\Documentos\\react-course\\03-gifts-app\\src\\GifsApp.tsx": {"path":"C:\\Users\\jonas\\OneDrive\\Documentos\\react-course\\03-gifts-app\\src\\GifsApp.tsx","statementMap":{"0":{"start":{"line":10,"column":23},"end":{"line":25,"column":null}},"1":{"start":{"line":11,"column":66},"end":{"line":11,"column":null}}},"fnMap":{"0":{"name":"(anonymous_0)","decl":{"start":{"line":10,"column":23},"end":{"line":10,"column":null}},"loc":{"start":{"line":10,"column":23},"end":{"line":25,"column":null}},"line":10}},"branchMap":{},"s":{"0":1,"1":1},"f":{"0":1},"b":{},"meta":{"lastBranch":0,"lastFunction":1,"lastStatement":2,"seen":{"s:10:23:25:Infinity":0,"f:10:23:10:Infinity":0,"s:11:66:11:Infinity":1}}}
,"C:\\Users\\jonas\\OneDrive\\Documentos\\react-course\\03-gifts-app\\src\\counter\\components\\MyCounterApp.tsx": {"path":"C:\\Users\\jonas\\OneDrive\\Documentos\\react-course\\03-gifts-app\\src\\counter\\components\\MyCounterApp.tsx","statementMap":{"0":{"start":{"line":4,"column":28},"end":{"line":30,"column":null}},"1":{"start":{"line":6,"column":62},"end":{"line":6,"column":null}}},"fnMap":{"0":{"name":"(anonymous_0)","decl":{"start":{"line":4,"column":28},"end":{"line":4,"column":null}},"loc":{"start":{"line":4,"column":28},"end":{"line":30,"column":null}},"line":4}},"branchMap":{},"s":{"0":2,"1":7},"f":{"0":7},"b":{},"meta":{"lastBranch":0,"lastFunction":1,"lastStatement":2,"seen":{"s:4:28:30:Infinity":0,"f:4:28:4:Infinity":0,"s:6:62:6:Infinity":1}}}
,"C:\\Users\\jonas\\OneDrive\\Documentos\\react-course\\03-gifts-app\\src\\counter\\hooks\\useCounter.tsx": {"path":"C:\\Users\\jonas\\OneDrive\\Documentos\\react-course\\03-gifts-app\\src\\counter\\hooks\\useCounter.tsx","statementMap":{"0":{"start":{"line":3,"column":26},"end":{"line":28,"column":null}},"1":{"start":{"line":5,"column":31},"end":{"line":5,"column":null}},"2":{"start":{"line":7,"column":22},"end":{"line":9,"column":null}},"3":{"start":{"line":8,"column":8},"end":{"line":8,"column":null}},"4":{"start":{"line":11,"column":28},"end":{"line":13,"column":null}},"5":{"start":{"line":12,"column":8},"end":{"line":12,"column":null}},"6":{"start":{"line":15,"column":24},"end":{"line":17,"column":null}},"7":{"start":{"line":16,"column":8},"end":{"line":16,"column":null}},"8":{"start":{"line":20,"column":4},"end":{"line":27,"column":null}}},"fnMap":{"0":{"name":"(anonymous_0)","decl":{"start":{"line":3,"column":26},"end":{"line":3,"column":27}},"loc":{"start":{"line":3,"column":52},"end":{"line":28,"column":null}},"line":3},"1":{"name":"(anonymous_1)","decl":{"start":{"line":7,"column":22},"end":{"line":7,"column":null}},"loc":{"start":{"line":7,"column":22},"end":{"line":9,"column":null}},"line":7},"2":{"name":"(anonymous_2)","decl":{"start":{"line":11,"column":28},"end":{"line":11,"column":null}},"loc":{"start":{"line":11,"column":28},"end":{"line":13,"column":null}},"line":11},"3":{"name":"(anonymous_3)","decl":{"start":{"line":15,"column":24},"end":{"line":15,"column":null}},"loc":{"start":{"line":15,"column":24},"end":{"line":17,"column":null}},"line":15}},"branchMap":{"0":{"loc":{"start":{"line":3,"column":27},"end":{"line":3,"column":52}},"type":"default-arg","locations":[{"start":{"line":3,"column":50},"end":{"line":3,"column":52}}],"line":3}},"s":{"0":2,"1":16,"2":16,"3":2,"4":16,"5":4,"6":16,"7":1,"8":16},"f":{"0":16,"1":2,"2":4,"3":1},"b":{"0":[16]},"meta":{"lastBranch":1,"lastFunction":4,"lastStatement":9,"seen":{"s:3:26:28:Infinity":0,"f:3:26:3:27":0,"b:3:50:3:52":0,"s:5:31:5:Infinity":1,"s:7:22:9:Infinity":2,"f:7:22:7:Infinity":1,"s:8:8:8:Infinity":3,"s:11:28:13:Infinity":4,"f:11:28:11:Infinity":2,"s:12:8:12:Infinity":5,"s:15:24:17:Infinity":6,"f:15:24:15:Infinity":3,"s:16:8:16:Infinity":7,"s:20:4:27:Infinity":8}}}
,"C:\\Users\\jonas\\OneDrive\\Documentos\\react-course\\03-gifts-app\\src\\gifs\\actions\\get-gifs-by-query.action.ts": {"path":"C:\\Users\\jonas\\OneDrive\\Documentos\\react-course\\03-gifts-app\\src\\gifs\\actions\\get-gifs-by-query.action.ts","statementMap":{"0":{"start":{"line":6,"column":30},"end":{"line":30,"column":null}},"1":{"start":{"line":7,"column":2},"end":{"line":9,"column":null}},"2":{"start":{"line":8,"column":4},"end":{"line":8,"column":null}},"3":{"start":{"line":11,"column":2},"end":{"line":29,"column":null}},"4":{"start":{"line":12,"column":21},"end":{"line":17,"column":null}},"5":{"start":{"line":19,"column":4},"end":{"line":25,"column":null}},"6":{"start":{"line":19,"column":44},"end":{"line":25,"column":null}},"7":{"start":{"line":27,"column":4},"end":{"line":27,"column":null}},"8":{"start":{"line":28,"column":4},"end":{"line":28,"column":null}}},"fnMap":{"0":{"name":"(anonymous_0)","decl":{"start":{"line":6,"column":30},"end":{"line":6,"column":37}},"loc":{"start":{"line":6,"column":37},"end":{"line":30,"column":null}},"line":6},"1":{"name":"(anonymous_1)","decl":{"start":{"line":19,"column":34},"end":{"line":19,"column":35}},"loc":{"start":{"line":19,"column":44},"end":{"line":25,"column":null}},"line":19}},"branchMap":{"0":{"loc":{"start":{"line":7,"column":2},"end":{"line":9,"column":null}},"type":"if","locations":[{"start":{"line":7,"column":2},"end":{"line":9,"column":null}},{"start":{},"end":{}}],"line":7}},"s":{"0":3,"1":6,"2":1,"3":5,"4":5,"5":4,"6":40,"7":1,"8":1},"f":{"0":6,"1":40},"b":{"0":[1,5]},"meta":{"lastBranch":1,"lastFunction":2,"lastStatement":9,"seen":{"s:6:30:30:Infinity":0,"f:6:30:6:37":0,"b:7:2:9:Infinity:undefined:undefined:undefined:undefined":0,"s:7:2:9:Infinity":1,"s:8:4:8:Infinity":2,"s:11:2:29:Infinity":3,"s:12:21:17:Infinity":4,"s:19:4:25:Infinity":5,"f:19:34:19:35":1,"s:19:44:25:Infinity":6,"s:27:4:27:Infinity":7,"s:28:4:28:Infinity":8}}}
,"C:\\Users\\jonas\\OneDrive\\Documentos\\react-course\\03-gifts-app\\src\\gifs\\api\\giphy.api.ts": {"path":"C:\\Users\\jonas\\OneDrive\\Documentos\\react-course\\03-gifts-app\\src\\gifs\\api\\giphy.api.ts","statementMap":{"0":{"start":{"line":3,"column":24},"end":{"line":9,"column":null}}},"fnMap":{},"branchMap":{},"s":{"0":4},"f":{},"b":{},"meta":{"lastBranch":0,"lastFunction":0,"lastStatement":1,"seen":{"s:3:24:9:Infinity":0}}}
,"C:\\Users\\jonas\\OneDrive\\Documentos\\react-course\\03-gifts-app\\src\\gifs\\components\\GifsList.tsx": {"path":"C:\\Users\\jonas\\OneDrive\\Documentos\\react-course\\03-gifts-app\\src\\gifs\\components\\GifsList.tsx","statementMap":{"0":{"start":{"line":8,"column":35},"end":{"line":24,"column":null}}},"fnMap":{"0":{"name":"(anonymous_0)","decl":{"start":{"line":8,"column":35},"end":{"line":8,"column":36}},"loc":{"start":{"line":8,"column":44},"end":{"line":24,"column":null}},"line":8}},"branchMap":{},"s":{"0":1},"f":{"0":1},"b":{},"meta":{"lastBranch":0,"lastFunction":1,"lastStatement":1,"seen":{"s:8:35:24:Infinity":0,"f:8:35:8:36":0}}}
,"C:\\Users\\jonas\\OneDrive\\Documentos\\react-course\\03-gifts-app\\src\\gifs\\components\\PreviousSearches.tsx": {"path":"C:\\Users\\jonas\\OneDrive\\Documentos\\react-course\\03-gifts-app\\src\\gifs\\components\\PreviousSearches.tsx","statementMap":{"0":{"start":{"line":9,"column":43},"end":{"line":24,"column":null}},"1":{"start":{"line":17,"column":43},"end":{"line":17,"column":null}}},"fnMap":{"0":{"name":"(anonymous_0)","decl":{"start":{"line":9,"column":43},"end":{"line":9,"column":44}},"loc":{"start":{"line":9,"column":72},"end":{"line":24,"column":null}},"line":9},"1":{"name":"(anonymous_1)","decl":{"start":{"line":17,"column":37},"end":{"line":17,"column":43}},"loc":{"start":{"line":17,"column":43},"end":{"line":17,"column":null}},"line":17}},"branchMap":{},"s":{"0":1,"1":0},"f":{"0":1,"1":0},"b":{},"meta":{"lastBranch":0,"lastFunction":2,"lastStatement":2,"seen":{"s:9:43:24:Infinity":0,"f:9:43:9:44":0,"f:17:37:17:43":1,"s:17:43:17:Infinity":1}}}
,"C:\\Users\\jonas\\OneDrive\\Documentos\\react-course\\03-gifts-app\\src\\gifs\\hooks\\useGifs.tsx": {"path":"C:\\Users\\jonas\\OneDrive\\Documentos\\react-course\\03-gifts-app\\src\\gifs\\hooks\\useGifs.tsx","statementMap":{"0":{"start":{"line":6,"column":23},"end":{"line":45,"column":null}},"1":{"start":{"line":8,"column":25},"end":{"line":8,"column":null}},"2":{"start":{"line":9,"column":43},"end":{"line":9,"column":null}},"3":{"start":{"line":12,"column":10},"end":{"line":12,"column":null}},"4":{"start":{"line":14,"column":30},"end":{"line":23,"column":null}},"5":{"start":{"line":15,"column":8},"end":{"line":18,"column":null}},"6":{"start":{"line":16,"column":12},"end":{"line":16,"column":null}},"7":{"start":{"line":17,"column":12},"end":{"line":17,"column":null}},"8":{"start":{"line":19,"column":21},"end":{"line":19,"column":null}},"9":{"start":{"line":21,"column":8},"end":{"line":21,"column":null}},"10":{"start":{"line":22,"column":8},"end":{"line":22,"column":null}},"11":{"start":{"line":25,"column":25},"end":{"line":37,"column":null}},"12":{"start":{"line":26,"column":8},"end":{"line":26,"column":null}},"13":{"start":{"line":27,"column":8},"end":{"line":27,"column":null}},"14":{"start":{"line":27,"column":32},"end":{"line":27,"column":null}},"15":{"start":{"line":29,"column":8},"end":{"line":29,"column":null}},"16":{"start":{"line":29,"column":43},"end":{"line":29,"column":null}},"17":{"start":{"line":31,"column":8},"end":{"line":31,"column":null}},"18":{"start":{"line":33,"column":21},"end":{"line":33,"column":null}},"19":{"start":{"line":35,"column":8},"end":{"line":35,"column":null}},"20":{"start":{"line":36,"column":8},"end":{"line":36,"column":null}},"21":{"start":{"line":39,"column":4},"end":{"line":44,"column":null}}},"fnMap":{"0":{"name":"(anonymous_0)","decl":{"start":{"line":6,"column":23},"end":{"line":6,"column":null}},"loc":{"start":{"line":6,"column":23},"end":{"line":45,"column":null}},"line":6},"1":{"name":"(anonymous_1)","decl":{"start":{"line":14,"column":30},"end":{"line":14,"column":37}},"loc":{"start":{"line":14,"column":37},"end":{"line":23,"column":null}},"line":14},"2":{"name":"(anonymous_2)","decl":{"start":{"line":25,"column":25},"end":{"line":25,"column":32}},"loc":{"start":{"line":25,"column":50},"end":{"line":37,"column":null}},"line":25}},"branchMap":{"0":{"loc":{"start":{"line":15,"column":8},"end":{"line":18,"column":null}},"type":"if","locations":[{"start":{"line":15,"column":8},"end":{"line":18,"column":null}},{"start":{},"end":{}}],"line":15},"1":{"loc":{"start":{"line":25,"column":32},"end":{"line":25,"column":50}},"type":"default-arg","locations":[{"start":{"line":25,"column":48},"end":{"line":25,"column":50}}],"line":25},"2":{"loc":{"start":{"line":27,"column":8},"end":{"line":27,"column":null}},"type":"if","locations":[{"start":{"line":27,"column":8},"end":{"line":27,"column":null}},{"start":{},"end":{}}],"line":27},"3":{"loc":{"start":{"line":29,"column":8},"end":{"line":29,"column":null}},"type":"if","locations":[{"start":{"line":29,"column":8},"end":{"line":29,"column":null}},{"start":{},"end":{}}],"line":29}},"s":{"0":2,"1":19,"2":19,"3":19,"4":19,"5":3,"6":1,"7":1,"8":2,"9":2,"10":2,"11":19,"12":10,"13":10,"14":0,"15":10,"16":0,"17":10,"18":10,"19":10,"20":10,"21":19},"f":{"0":19,"1":3,"2":10},"b":{"0":[1,2],"1":[10],"2":[0,10],"3":[0,10]},"meta":{"lastBranch":4,"lastFunction":3,"lastStatement":22,"seen":{"s:6:23:45:Infinity":0,"f:6:23:6:Infinity":0,"s:8:25:8:Infinity":1,"s:9:43:9:Infinity":2,"s:12:10:12:Infinity":3,"s:14:30:23:Infinity":4,"f:14:30:14:37":1,"b:15:8:18:Infinity:undefined:undefined:undefined:undefined":0,"s:15:8:18:Infinity":5,"s:16:12:16:Infinity":6,"s:17:12:17:Infinity":7,"s:19:21:19:Infinity":8,"s:21:8:21:Infinity":9,"s:22:8:22:Infinity":10,"s:25:25:37:Infinity":11,"f:25:25:25:32":2,"b:25:48:25:50":1,"s:26:8:26:Infinity":12,"b:27:8:27:Infinity:undefined:undefined:undefined:undefined":2,"s:27:8:27:Infinity":13,"s:27:32:27:Infinity":14,"b:29:8:29:Infinity:undefined:undefined:undefined:undefined":3,"s:29:8:29:Infinity":15,"s:29:43:29:Infinity":16,"s:31:8:31:Infinity":17,"s:33:21:33:Infinity":18,"s:35:8:35:Infinity":19,"s:36:8:36:Infinity":20,"s:39:4:44:Infinity":21}}}
,"C:\\Users\\jonas\\OneDrive\\Documentos\\react-course\\03-gifts-app\\src\\shared\\components\\CustomHeader.tsx": {"path":"C:\\Users\\jonas\\OneDrive\\Documentos\\react-course\\03-gifts-app\\src\\shared\\components\\CustomHeader.tsx","statementMap":{"0":{"start":{"line":8,"column":28},"end":{"line":15,"column":null}}},"fnMap":{"0":{"name":"(anonymous_0)","decl":{"start":{"line":8,"column":28},"end":{"line":8,"column":29}},"loc":{"start":{"line":8,"column":58},"end":{"line":15,"column":null}},"line":8}},"branchMap":{},"s":{"0":2},"f":{"0":4},"b":{},"meta":{"lastBranch":0,"lastFunction":1,"lastStatement":1,"seen":{"s:8:28:15:Infinity":0,"f:8:28:8:29":0}}}
,"C:\\Users\\jonas\\OneDrive\\Documentos\\react-course\\03-gifts-app\\src\\shared\\components\\SearchBar.tsx": {"path":"C:\\Users\\jonas\\OneDrive\\Documentos\\react-course\\03-gifts-app\\src\\shared\\components\\SearchBar.tsx","statementMap":{"0":{"start":{"line":9,"column":25},"end":{"line":50,"column":null}},"1":{"start":{"line":11,"column":27},"end":{"line":11,"column":null}},"2":{"start":{"line":13,"column":4},"end":{"line":22,"column":null}},"3":{"start":{"line":14,"column":26},"end":{"line":16,"column":null}},"4":{"start":{"line":15,"column":12},"end":{"line":15,"column":null}},"5":{"start":{"line":18,"column":8},"end":{"line":21,"column":null}},"6":{"start":{"line":20,"column":12},"end":{"line":20,"column":null}},"7":{"start":{"line":25,"column":25},"end":{"line":28,"column":null}},"8":{"start":{"line":26,"column":8},"end":{"line":26,"column":null}},"9":{"start":{"line":27,"column":8},"end":{"line":27,"column":null}},"10":{"start":{"line":30,"column":26},"end":{"line":34,"column":null}},"11":{"start":{"line":31,"column":8},"end":{"line":33,"column":null}},"12":{"start":{"line":32,"column":12},"end":{"line":32,"column":null}},"13":{"start":{"line":42,"column":35},"end":{"line":42,"column":null}}},"fnMap":{"0":{"name":"(anonymous_0)","decl":{"start":{"line":9,"column":25},"end":{"line":9,"column":26}},"loc":{"start":{"line":9,"column":68},"end":{"line":50,"column":null}},"line":9},"1":{"name":"(anonymous_1)","decl":{"start":{"line":13,"column":14},"end":{"line":13,"column":null}},"loc":{"start":{"line":13,"column":14},"end":{"line":22,"column":7}},"line":13},"2":{"name":"(anonymous_2)","decl":{"start":{"line":14,"column":37},"end":{"line":14,"column":null}},"loc":{"start":{"line":14,"column":37},"end":{"line":16,"column":11}},"line":14},"3":{"name":"(anonymous_3)","decl":{"start":{"line":18,"column":15},"end":{"line":18,"column":null}},"loc":{"start":{"line":18,"column":15},"end":{"line":21,"column":null}},"line":18},"4":{"name":"(anonymous_4)","decl":{"start":{"line":25,"column":25},"end":{"line":25,"column":null}},"loc":{"start":{"line":25,"column":25},"end":{"line":28,"column":null}},"line":25},"5":{"name":"(anonymous_5)","decl":{"start":{"line":30,"column":26},"end":{"line":30,"column":27}},"loc":{"start":{"line":30,"column":27},"end":{"line":34,"column":null}},"line":30},"6":{"name":"(anonymous_6)","decl":{"start":{"line":42,"column":26},"end":{"line":42,"column":35}},"loc":{"start":{"line":42,"column":35},"end":{"line":42,"column":null}},"line":42}},"branchMap":{"0":{"loc":{"start":{"line":9,"column":28},"end":{"line":9,"column":50}},"type":"default-arg","locations":[{"start":{"line":9,"column":42},"end":{"line":9,"column":50}}],"line":9},"1":{"loc":{"start":{"line":31,"column":8},"end":{"line":33,"column":null}},"type":"if","locations":[{"start":{"line":31,"column":8},"end":{"line":33,"column":null}},{"start":{},"end":{}}],"line":31}},"s":{"0":2,"1":10,"2":10,"3":10,"4":2,"5":10,"6":10,"7":10,"8":1,"9":1,"10":10,"11":0,"12":0,"13":3},"f":{"0":10,"1":10,"2":2,"3":10,"4":1,"5":0,"6":3},"b":{"0":[10],"1":[0,0]},"meta":{"lastBranch":2,"lastFunction":7,"lastStatement":14,"seen":{"s:9:25:50:Infinity":0,"f:9:25:9:26":0,"b:9:42:9:50":0,"s:11:27:11:Infinity":1,"s:13:4:22:Infinity":2,"f:13:14:13:Infinity":1,"s:14:26:16:Infinity":3,"f:14:37:14:Infinity":2,"s:15:12:15:Infinity":4,"s:18:8:21:Infinity":5,"f:18:15:18:Infinity":3,"s:20:12:20:Infinity":6,"s:25:25:28:Infinity":7,"f:25:25:25:Infinity":4,"s:26:8:26:Infinity":8,"s:27:8:27:Infinity":9,"s:30:26:34:Infinity":10,"f:30:26:30:27":5,"b:31:8:33:Infinity:undefined:undefined:undefined:undefined":1,"s:31:8:33:Infinity":11,"s:32:12:32:Infinity":12,"f:42:26:42:35":6,"s:42:35:42:Infinity":13}}}
,"C:\\Users\\jonas\\OneDrive\\Documentos\\react-course\\03-gifts-app\\test\\mock\\giphy.response.data.ts": {"path":"C:\\Users\\jonas\\OneDrive\\Documentos\\react-course\\03-gifts-app\\test\\mock\\giphy.response.data.ts","statementMap":{"0":{"start":{"line":1,"column":39},"end":{"line":2004,"column":null}}},"fnMap":{},"branchMap":{},"s":{"0":1},"f":{},"b":{},"meta":{"lastBranch":0,"lastFunction":0,"lastStatement":1,"seen":{"s:1:39:2004:Infinity":0}}}
}
